<?xml version="1.0" encoding="UTF-8"?>
<!-- Generated by org.testng.reporters.JUnitReportReporter -->
<testsuite skipped="0" hostname="WBS-DT-0013" name="test.StudySection_Questions" tests="1" failures="0" timestamp="12 Dec 2018 10:23:01 GMT" time="16.298" errors="0">
  <testcase name="questions" time="16.298" classname="test.StudySection_Questions"/>
</testsuite> <!-- test.StudySection_Questions -->
