<?xml version="1.0" encoding="UTF-8"?>
<!-- Generated by org.testng.reporters.JUnitReportReporter -->
<testsuite skipped="0" hostname="WBS-DT-0013" name="test.Pg_adminDatabase" tests="1" failures="0" timestamp="06 Dec 2018 05:07:30 GMT" time="3.881" errors="0">
  <testcase name="LocalDatabase" time="3.881" classname="test.Pg_adminDatabase"/>
</testsuite> <!-- test.Pg_adminDatabase -->
