<?xml version="1.0" encoding="UTF-8"?>
<!-- Generated by org.testng.reporters.JUnitReportReporter -->
<testsuite skipped="0" hostname="WBS-DT-0013" name="test.Database_connection" tests="1" failures="0" timestamp="06 Dec 2018 05:07:14 GMT" time="0.729" errors="0">
  <testcase name="LocalDatabase" time="0.729" classname="test.Database_connection"/>
</testsuite> <!-- test.Database_connection -->
