<?xml version="1.0" encoding="UTF-8"?>
<!-- Generated by org.testng.reporters.JUnitReportReporter -->
<testsuite skipped="0" hostname="Home" name="test.Getproperties" tests="1" failures="0" timestamp="13 Jan 2019 16:53:15 GMT" time="0.016" errors="0">
  <testcase name="Initialization" time="0.016" classname="test.Getproperties"/>
</testsuite> <!-- test.Getproperties -->
