<?xml version="1.0" encoding="UTF-8"?>
<!-- Generated by org.testng.reporters.JUnitReportReporter -->
<testsuite skipped="0" hostname="webner-pc" name="test.NewTest1" tests="1" failures="0" timestamp="11 Sep 2018 05:04:45 GMT" time="0.023" errors="0">
  <testcase name="f" time="0.023" classname="test.NewTest1"/>
</testsuite> <!-- test.NewTest1 -->
