<?xml version="1.0" encoding="UTF-8"?>
<!-- Generated by org.testng.reporters.JUnitReportReporter -->
<testsuite skipped="0" hostname="Home" name="java_package.signup2" tests="1" failures="0" timestamp="08 Sep 2018 08:26:31 GMT" time="0.008" errors="0">
  <testcase name="TC2" time="0.008" classname="java_package.signup2"/>
</testsuite> <!-- java_package.signup2 -->
