<?xml version="1.0" encoding="UTF-8"?>
<!-- Generated by org.testng.reporters.JUnitReportReporter -->
<testsuite skipped="0" hostname="Home" name="java_package.signup" tests="1" failures="0" timestamp="08 Sep 2018 08:20:36 GMT" time="12.253" errors="0">
  <testcase name="link" time="12.253" classname="java_package.signup"/>
</testsuite> <!-- java_package.signup -->
