<?xml version="1.0" encoding="UTF-8"?>
<!-- Generated by org.testng.reporters.JUnitReportReporter -->
<testsuite skipped="0" hostname="WBS-DT-0013" name="lmsc_package.Forgot_Password" tests="1" failures="0" timestamp="10 Dec 2018 12:57:47 GMT" time="54.459" errors="0">
  <testcase name="forgot" time="54.459" classname="lmsc_package.Forgot_Password"/>
</testsuite> <!-- lmsc_package.Forgot_Password -->
