<?xml version="1.0" encoding="UTF-8"?>
<!-- Generated by org.testng.reporters.JUnitReportReporter -->
<testsuite skipped="0" hostname="WBS-DT-0013" name="lmsc_package.Logout" tests="2" failures="0" timestamp="27 Nov 2018 12:08:32 GMT" time="85.881" errors="0">
  <testcase name="log_out" time="55.143" classname="lmsc_package.Logout"/>
  <testcase name="log_out" time="30.738" classname="lmsc_package.Logout"/>
</testsuite> <!-- lmsc_package.Logout -->
