<?xml version="1.0" encoding="UTF-8"?>
<!-- Generated by org.testng.reporters.JUnitReportReporter -->
<testsuite skipped="0" hostname="WBS-DT-0013" name="lmsc_package.Create_Account" tests="1" failures="0" timestamp="29 Nov 2018 07:14:34 GMT" time="24.199" errors="0">
  <testcase name="AccountCreate" time="24.199" classname="lmsc_package.Create_Account"/>
</testsuite> <!-- lmsc_package.Create_Account -->
