<?xml version="1.0" encoding="UTF-8"?>
<!-- Generated by org.testng.reporters.JUnitReportReporter -->
<testsuite skipped="0" hostname="WBS-DT-0013" name="lmsc_package.Landing_Page" tests="3" failures="0" timestamp="28 Nov 2018 10:12:46 GMT" time="115.664" errors="0">
  <testcase name="search_icon" time="27.430" classname="lmsc_package.Landing_Page"/>
  <testcase name="Courses_per_page" time="45.316" classname="lmsc_package.Landing_Page"/>
  <testcase name="Cart" time="42.918" classname="lmsc_package.Landing_Page"/>
</testsuite> <!-- lmsc_package.Landing_Page -->
