<?xml version="1.0" encoding="UTF-8"?>
<!-- Generated by org.testng.reporters.JUnitReportReporter -->
<testsuite skipped="0" hostname="WBS-DT-0013" name="lmsc_package.Login" tests="3" failures="0" timestamp="21 Nov 2018 04:57:21 GMT" time="59.686" errors="0">
  <testcase name="case1" time="22.186" classname="lmsc_package.Login"/>
  <testcase name="case2" time="19.597" classname="lmsc_package.Login"/>
  <testcase name="case3" time="17.903" classname="lmsc_package.Login"/>
</testsuite> <!-- lmsc_package.Login -->
